TN:
SF:src/app/app-routing.module.ts
FNF:0
FNH:0
DA:15,1
DA:54,1
LF:2
LH:2
BRF:0
BRH:0
end_of_record
TN:
SF:src/app/app.component.ts
FNF:0
FNH:0
DA:8,1
DA:9,3
LF:2
LH:2
BRF:0
BRH:0
end_of_record
TN:
SF:src/app/autorizacion.guard.ts
FN:11,(anonymous_0)
FN:16,(anonymous_1)
FNF:2
FNH:2
FNDA:4,(anonymous_0)
FNDA:2,(anonymous_1)
DA:9,1
DA:12,4
DA:13,4
DA:17,2
DA:18,0
DA:21,2
DA:22,2
LF:7
LH:6
BRDA:17,0,0,0
BRF:1
BRH:0
end_of_record
TN:
SF:src/app/components/anadir-productos/anadir-productos.component.ts
FN:19,(anonymous_0)
FN:21,(anonymous_1)
FN:23,(anonymous_2)
FN:28,(anonymous_3)
FN:33,(anonymous_4)
FN:35,(anonymous_5)
FN:36,(anonymous_6)
FNF:7
FNH:2
FNDA:1,(anonymous_0)
FNDA:1,(anonymous_1)
FNDA:0,(anonymous_2)
FNDA:0,(anonymous_3)
FNDA:0,(anonymous_4)
FNDA:0,(anonymous_5)
FNDA:0,(anonymous_6)
DA:14,1
DA:19,1
DA:24,0
DA:25,0
DA:27,0
DA:28,0
DA:29,0
DA:34,0
DA:35,0
DA:36,0
DA:37,0
LF:11
LH:2
BRDA:24,0,0,0
BRDA:24,1,0,0
BRDA:24,1,1,0
BRF:3
BRH:0
end_of_record
TN:
SF:src/app/components/catalogo/catalogo.component.ts
FN:14,(anonymous_0)
FN:17,(anonymous_1)
FN:19,(anonymous_2)
FN:23,(anonymous_3)
FN:27,(anonymous_4)
FNF:5
FNH:2
FNDA:1,(anonymous_0)
FNDA:1,(anonymous_1)
FNDA:0,(anonymous_2)
FNDA:0,(anonymous_3)
FNDA:0,(anonymous_4)
DA:10,1
DA:12,1
DA:14,1
DA:15,1
DA:18,1
DA:20,0
DA:21,0
DA:23,0
DA:28,0
LF:9
LH:5
BRF:0
BRH:0
end_of_record
TN:
SF:src/app/components/editor-catalogo/editor-catalogo.component.ts
FN:16,(anonymous_0)
FN:22,(anonymous_1)
FN:23,(anonymous_2)
FN:26,(anonymous_3)
FN:29,(anonymous_4)
FN:34,(anonymous_5)
FN:36,(anonymous_6)
FN:42,(anonymous_7)
FN:44,(anonymous_8)
FNF:9
FNH:3
FNDA:1,(anonymous_0)
FNDA:1,(anonymous_1)
FNDA:1,(anonymous_2)
FNDA:0,(anonymous_3)
FNDA:0,(anonymous_4)
FNDA:0,(anonymous_5)
FNDA:0,(anonymous_6)
FNDA:0,(anonymous_7)
FNDA:0,(anonymous_8)
DA:12,1
DA:17,1
DA:18,1
DA:19,1
DA:23,1
DA:24,1
DA:25,1
DA:27,0
DA:29,0
DA:35,0
DA:37,0
DA:38,0
DA:43,0
DA:45,0
DA:46,0
LF:15
LH:7
BRF:0
BRH:0
end_of_record
TN:
SF:src/app/components/home/home.component.ts
FN:10,(anonymous_0)
FN:12,(anonymous_1)
FNF:2
FNH:2
FNDA:1,(anonymous_0)
FNDA:1,(anonymous_1)
DA:8,1
LF:1
LH:1
BRF:0
BRH:0
end_of_record
TN:
SF:src/app/components/signin/signin.component.ts
FN:17,(anonymous_0)
FN:22,(anonymous_1)
FN:25,(anonymous_2)
FN:28,(anonymous_3)
FN:33,(anonymous_4)
FNF:5
FNH:2
FNDA:3,(anonymous_0)
FNDA:2,(anonymous_1)
FNDA:0,(anonymous_2)
FNDA:0,(anonymous_3)
FNDA:0,(anonymous_4)
DA:10,1
DA:12,3
DA:18,3
DA:19,3
DA:26,0
DA:29,0
DA:30,0
DA:31,0
DA:33,0
LF:9
LH:4
BRF:0
BRH:0
end_of_record
TN:
SF:src/app/components/signup/signup.component.ts
FN:17,(anonymous_0)
FN:22,(anonymous_1)
FN:25,(anonymous_2)
FN:27,(anonymous_3)
FN:32,(anonymous_4)
FNF:5
FNH:2
FNDA:1,(anonymous_0)
FNDA:1,(anonymous_1)
FNDA:0,(anonymous_2)
FNDA:0,(anonymous_3)
FNDA:0,(anonymous_4)
DA:10,1
DA:12,1
DA:18,1
DA:19,1
DA:26,0
DA:28,0
DA:29,0
DA:30,0
DA:34,0
DA:37,0
LF:10
LH:4
BRF:0
BRH:0
end_of_record
TN:
SF:src/app/services/productos.service.ts
FN:12,(anonymous_0)
FN:14,(anonymous_1)
FN:23,(anonymous_2)
FN:27,(anonymous_3)
FN:31,(anonymous_4)
FN:35,(anonymous_5)
FNF:6
FNH:3
FNDA:4,(anonymous_0)
FNDA:0,(anonymous_1)
FNDA:1,(anonymous_2)
FNDA:1,(anonymous_3)
FNDA:0,(anonymous_4)
FNDA:0,(anonymous_5)
DA:8,1
DA:10,4
DA:12,4
DA:15,0
DA:16,0
DA:17,0
DA:18,0
DA:19,0
DA:20,0
DA:24,1
DA:28,1
DA:32,0
DA:36,0
LF:13
LH:5
BRF:0
BRH:0
end_of_record
TN:
SF:src/app/services/registro.service.ts
FN:13,(anonymous_0)
FN:15,(anonymous_1)
FN:19,(anonymous_2)
FN:23,(anonymous_3)
FN:31,(anonymous_4)
FN:35,(anonymous_5)
FNF:6
FNH:5
FNDA:16,(anonymous_0)
FNDA:0,(anonymous_1)
FNDA:1,(anonymous_2)
FNDA:2,(anonymous_3)
FNDA:1,(anonymous_4)
FNDA:1,(anonymous_5)
DA:9,1
DA:11,16
DA:13,16
DA:16,0
DA:20,1
DA:24,2
DA:25,0
DA:27,2
DA:32,1
DA:36,1
LF:10
LH:8
BRDA:24,0,0,0
BRDA:24,0,1,2
BRF:2
BRH:1
end_of_record
TN:
SF:src/app/services/token-interceptor.service.ts
FN:11,(anonymous_0)
FN:15,(anonymous_1)
FNF:2
FNH:1
FNDA:2,(anonymous_0)
FNDA:0,(anonymous_1)
DA:9,1
DA:12,2
DA:16,0
DA:21,0
LF:4
LH:2
BRF:0
BRH:0
end_of_record
