TN:
SF:src/app/app-routing.module.ts
FNF:0
FNH:0
DA:15,1
DA:54,1
LF:2
LH:2
BRF:0
BRH:0
end_of_record
TN:
SF:src/app/app.component.ts
FNF:0
FNH:0
DA:8,1
DA:9,3
LF:2
LH:2
BRF:0
BRH:0
end_of_record
TN:
SF:src/app/autorizacion.guard.ts
FN:11,(anonymous_0)
FN:16,(anonymous_1)
FNF:2
FNH:2
FNDA:5,(anonymous_0)
FNDA:5,(anonymous_1)
DA:9,1
DA:12,5
DA:13,5
DA:17,5
DA:18,4
DA:21,1
DA:22,1
LF:7
LH:7
BRDA:17,0,0,4
BRF:1
BRH:1
end_of_record
TN:
SF:src/app/components/anadir-productos/anadir-productos.component.ts
FN:19,(anonymous_0)
FN:21,(anonymous_1)
FN:25,(anonymous_2)
FN:30,(anonymous_3)
FN:35,(anonymous_4)
FN:37,(anonymous_5)
FN:38,(anonymous_6)
FNF:7
FNH:2
FNDA:1,(anonymous_0)
FNDA:1,(anonymous_1)
FNDA:0,(anonymous_2)
FNDA:0,(anonymous_3)
FNDA:0,(anonymous_4)
FNDA:0,(anonymous_5)
FNDA:0,(anonymous_6)
DA:14,1
DA:19,1
DA:22,1
DA:26,0
DA:27,0
DA:29,0
DA:30,0
DA:31,0
DA:36,0
DA:37,0
DA:38,0
DA:39,0
LF:12
LH:3
BRDA:26,0,0,0
BRDA:26,1,0,0
BRDA:26,1,1,0
BRF:3
BRH:0
end_of_record
TN:
SF:src/app/components/catalogo/catalogo.component.ts
FN:15,(anonymous_0)
FN:18,(anonymous_1)
FN:20,(anonymous_2)
FN:24,(anonymous_3)
FN:28,(anonymous_4)
FNF:5
FNH:3
FNDA:5,(anonymous_0)
FNDA:7,(anonymous_1)
FNDA:0,(anonymous_2)
FNDA:7,(anonymous_3)
FNDA:0,(anonymous_4)
DA:11,1
DA:13,5
DA:15,5
DA:16,5
DA:19,7
DA:21,0
DA:22,0
DA:24,7
DA:29,0
LF:9
LH:6
BRF:0
BRH:0
end_of_record
TN:
SF:src/app/components/editor-catalogo/editor-catalogo.component.ts
FN:16,(anonymous_0)
FN:22,(anonymous_1)
FN:23,(anonymous_2)
FN:26,(anonymous_3)
FN:29,(anonymous_4)
FN:34,(anonymous_5)
FN:36,(anonymous_6)
FN:40,(anonymous_7)
FN:46,(anonymous_8)
FN:48,(anonymous_9)
FNF:10
FNH:4
FNDA:4,(anonymous_0)
FNDA:4,(anonymous_1)
FNDA:4,(anonymous_2)
FNDA:0,(anonymous_3)
FNDA:4,(anonymous_4)
FNDA:0,(anonymous_5)
FNDA:0,(anonymous_6)
FNDA:0,(anonymous_7)
FNDA:0,(anonymous_8)
FNDA:0,(anonymous_9)
DA:12,1
DA:17,4
DA:18,4
DA:19,4
DA:23,4
DA:24,4
DA:25,4
DA:27,0
DA:29,4
DA:35,0
DA:37,0
DA:38,0
DA:41,0
DA:42,0
DA:47,0
DA:49,0
DA:50,0
LF:17
LH:8
BRF:0
BRH:0
end_of_record
TN:
SF:src/app/components/home/home.component.ts
FN:10,(anonymous_0)
FN:12,(anonymous_1)
FNF:2
FNH:2
FNDA:1,(anonymous_0)
FNDA:1,(anonymous_1)
DA:8,1
DA:13,1
LF:2
LH:2
BRF:0
BRH:0
end_of_record
TN:
SF:src/app/components/signin/signin.component.ts
FN:20,(anonymous_0)
FN:25,(anonymous_1)
FN:29,(anonymous_2)
FN:32,(anonymous_3)
FN:36,(anonymous_4)
FN:41,(anonymous_5)
FNF:6
FNH:5
FNDA:11,(anonymous_0)
FNDA:15,(anonymous_1)
FNDA:6,(anonymous_2)
FNDA:6,(anonymous_3)
FNDA:4,(anonymous_4)
FNDA:0,(anonymous_5)
DA:10,1
DA:12,11
DA:21,11
DA:22,11
DA:26,15
DA:30,6
DA:33,6
DA:34,6
DA:35,6
DA:36,6
DA:37,4
DA:38,4
DA:42,0
DA:43,0
DA:44,0
LF:15
LH:12
BRF:0
BRH:0
end_of_record
TN:
SF:src/app/components/signup/signup.component.ts
FN:21,(anonymous_0)
FN:26,(anonymous_1)
FN:30,(anonymous_2)
FN:32,(anonymous_3)
FN:37,(anonymous_4)
FNF:5
FNH:4
FNDA:6,(anonymous_0)
FNDA:9,(anonymous_1)
FNDA:1,(anonymous_2)
FNDA:1,(anonymous_3)
FNDA:0,(anonymous_4)
DA:11,1
DA:13,6
DA:22,6
DA:23,6
DA:27,9
DA:31,1
DA:33,1
DA:34,1
DA:35,1
DA:39,0
DA:40,0
DA:41,0
DA:44,1
LF:13
LH:10
BRF:0
BRH:0
end_of_record
TN:
SF:src/app/services/productos.service.ts
FN:12,(anonymous_0)
FN:14,(anonymous_1)
FN:23,(anonymous_2)
FN:27,(anonymous_3)
FN:31,(anonymous_4)
FN:35,(anonymous_5)
FNF:6
FNH:6
FNDA:19,(anonymous_0)
FNDA:1,(anonymous_1)
FNDA:9,(anonymous_2)
FNDA:5,(anonymous_3)
FNDA:1,(anonymous_4)
FNDA:1,(anonymous_5)
DA:8,1
DA:10,19
DA:12,19
DA:15,1
DA:16,1
DA:17,1
DA:18,1
DA:19,1
DA:20,1
DA:24,9
DA:28,5
DA:32,1
DA:36,1
LF:13
LH:13
BRF:0
BRH:0
end_of_record
TN:
SF:src/app/services/registro.service.ts
FN:12,(anonymous_0)
FN:14,(anonymous_1)
FN:18,(anonymous_2)
FN:22,(anonymous_3)
FN:30,(anonymous_4)
FN:34,(anonymous_5)
FNF:6
FNH:6
FNDA:17,(anonymous_0)
FNDA:2,(anonymous_1)
FNDA:17,(anonymous_2)
FNDA:6,(anonymous_3)
FNDA:1,(anonymous_4)
FNDA:1,(anonymous_5)
DA:8,1
DA:10,17
DA:12,17
DA:15,2
DA:19,17
DA:23,6
DA:24,5
DA:26,1
DA:31,1
DA:35,1
LF:10
LH:10
BRDA:23,0,0,5
BRDA:23,0,1,1
BRF:2
BRH:2
end_of_record
TN:
SF:src/app/services/token-interceptor.service.ts
FN:11,(anonymous_0)
FN:15,(anonymous_1)
FNF:2
FNH:1
FNDA:2,(anonymous_0)
FNDA:0,(anonymous_1)
DA:9,1
DA:12,2
DA:16,0
DA:21,0
LF:4
LH:2
BRF:0
BRH:0
end_of_record
